Using pre-set license
Built from '2020.3/staging' branch; Version is '2020.3.18f1 (a7d1c678663c) revision 10998214'; Using compiler version '192528614'; Build Type 'Release'
OS: 'Windows 10 Home; OS build 19042.1237; Version 2009; 64bit' Language: 'en' Physical Memory: 16336 MB
BatchMode: 1, IsHumanControllingUs: 0, StartBugReporterOnCrash: 0, Is64bit: 1, IsPro: 0

COMMAND LINE ARGUMENTS:
C:\Program Files\Unity\Hub\Editor\2020.3.18f1\Editor\Unity.exe
-adb2
-batchMode
-noUpm
-name
AssetImportWorker0
-projectPath
D:/Game-A-Week-ReeceBeckmanSawyer/Game A Week
-logFile
Logs/AssetImportWorker0.log
-srvPort
53609
Successfully changed project path to: D:/Game-A-Week-ReeceBeckmanSawyer/Game A Week
D:/Game-A-Week-ReeceBeckmanSawyer/Game A Week
Using Asset Import Pipeline V2.
Refreshing native plugins compatible for Editor in 26.21 ms, found 2 plugins.
Preloading 0 native plugins for Editor in 0.00 ms.
Initialize engine version: 2020.3.18f1 (a7d1c678663c)
[Subsystems] Discovering subsystems at path C:/Program Files/Unity/Hub/Editor/2020.3.18f1/Editor/Data/Resources/UnitySubsystems
[Subsystems] Discovering subsystems at path D:/Game-A-Week-ReeceBeckmanSawyer/Game A Week/Assets
GfxDevice: creating device client; threaded=0
Direct3D:
    Version:  Direct3D 11.0 [level 11.1]
    Renderer: NVIDIA GeForce RTX 2060 (ID=0x1e89)
    Vendor:   
    VRAM:     5968 MB
    Driver:   30.0.14.7212
Initialize mono
Mono path[0] = 'C:/Program Files/Unity/Hub/Editor/2020.3.18f1/Editor/Data/Managed'
Mono path[1] = 'C:/Program Files/Unity/Hub/Editor/2020.3.18f1/Editor/Data/MonoBleedingEdge/lib/mono/unityjit'
Mono config path = 'C:/Program Files/Unity/Hub/Editor/2020.3.18f1/Editor/Data/MonoBleedingEdge/etc'
Using monoOptions --debugger-agent=transport=dt_socket,embedding=1,server=y,suspend=n,address=127.0.0.1:56424
Begin MonoManager ReloadAssembly
Registering precompiled unity dll's ...
Register platform support module: C:/Program Files/Unity/Hub/Editor/2020.3.18f1/Editor/Data/PlaybackEngines/MacStandaloneSupport/UnityEditor.OSXStandalone.Extensions.dll
Register platform support module: C:/Program Files/Unity/Hub/Editor/2020.3.18f1/Editor/Data/PlaybackEngines/WindowsStandaloneSupport/UnityEditor.WindowsStandalone.Extensions.dll
Registered in 0.003063 seconds.
Native extension for WindowsStandalone target not found
Native extension for OSXStandalone target not found
Refreshing native plugins compatible for Editor in 26.88 ms, found 2 plugins.
Preloading 0 native plugins for Editor in 0.00 ms.
Mono: successfully reloaded assembly
- Completed reload, in  0.944 seconds
Domain Reload Profiling:
	ReloadAssembly (944ms)
		BeginReloadAssembly (44ms)
			ExecutionOrderSort (0ms)
			DisableScriptedObjects (0ms)
			BackupInstance (0ms)
			ReleaseScriptingObjects (0ms)
			CreateAndSetChildDomain (1ms)
		EndReloadAssembly (350ms)
			LoadAssemblies (42ms)
			RebuildTransferFunctionScriptingTraits (0ms)
			SetupTypeCache (129ms)
			ReleaseScriptCaches (0ms)
			RebuildScriptCaches (25ms)
			SetupLoadedEditorAssemblies (138ms)
				LogAssemblyErrors (0ms)
				InitializePlatformSupportModulesInManaged (4ms)
				SetLoadedEditorAssemblies (0ms)
				RefreshPlugins (27ms)
				BeforeProcessingInitializeOnLoad (13ms)
				ProcessInitializeOnLoadAttributes (72ms)
				ProcessInitializeOnLoadMethodAttributes (22ms)
				AfterProcessingInitializeOnLoad (0ms)
				EditorAssembliesLoaded (0ms)
			ExecutionOrderSort2 (0ms)
			AwakeInstancesAfterBackupRestoration (0ms)
Platform modules already initialized, skipping
Registering precompiled user dll's ...
Registered in 0.002121 seconds.
Begin MonoManager ReloadAssembly
Native extension for WindowsStandalone target not found
Native extension for OSXStandalone target not found
Refreshing native plugins compatible for Editor in 0.34 ms, found 2 plugins.
Preloading 0 native plugins for Editor in 0.00 ms.
Mono: successfully reloaded assembly
- Completed reload, in  0.869 seconds
Domain Reload Profiling:
	ReloadAssembly (873ms)
		BeginReloadAssembly (124ms)
			ExecutionOrderSort (0ms)
			DisableScriptedObjects (3ms)
			BackupInstance (0ms)
			ReleaseScriptingObjects (0ms)
			CreateAndSetChildDomain (17ms)
		EndReloadAssembly (682ms)
			LoadAssemblies (83ms)
			RebuildTransferFunctionScriptingTraits (0ms)
			SetupTypeCache (233ms)
			ReleaseScriptCaches (0ms)
			RebuildScriptCaches (34ms)
			SetupLoadedEditorAssemblies (250ms)
				LogAssemblyErrors (0ms)
				InitializePlatformSupportModulesInManaged (5ms)
				SetLoadedEditorAssemblies (0ms)
				RefreshPlugins (0ms)
				BeforeProcessingInitializeOnLoad (66ms)
				ProcessInitializeOnLoadAttributes (168ms)
				ProcessInitializeOnLoadMethodAttributes (4ms)
				AfterProcessingInitializeOnLoad (7ms)
				EditorAssembliesLoaded (0ms)
			ExecutionOrderSort2 (0ms)
			AwakeInstancesAfterBackupRestoration (5ms)
Platform modules already initialized, skipping
========================================================================
Worker process is ready to serve import requests
Launched and connected shader compiler UnityShaderCompiler.exe after 0.04 seconds
Refreshing native plugins compatible for Editor in 0.32 ms, found 2 plugins.
Preloading 0 native plugins for Editor in 0.00 ms.
Unloading 1397 Unused Serialized files (Serialized files now loaded: 0)
System memory in use before: 64.9 MB.
System memory in use after: 64.9 MB.

Unloading 16 unused Assets to reduce memory usage. Loaded Objects now: 1832.
Total: 2.601000 ms (FindLiveObjects: 0.153800 ms CreateObjectMapping: 0.032600 ms MarkObjects: 2.345200 ms  DeleteObjects: 0.068300 ms)

AssetImportParameters requested are different than current active one (requested -> active):
  custom:framework-win-MediaFoundation: 216162199b28c13a410421893ffa2e32 -> 
  custom:video-decoder-ogg-theora: a1e56fd34408186e4bbccfd4996cb3dc -> 
  custom:container-muxer-webm: aa71ff27fc2769a1b78a27578f13a17b -> 
  custom:container-demuxer-webm: 4f35f7cbe854078d1ac9338744f61a02 -> 
  custom:container-demuxer-ogg: 62fdf1f143b41e24485cea50d1cbac27 -> 
  custom:video-encoder-webm-vp8: eb34c28f22e8b96e1ab97ce403110664 -> 
  custom:video-codec-MediaFoundation-h265: e54d7ab0439102e2317fc1e4b246158d -> 
  custom:video-decoder-webm-vp8: 9c59270c3fd7afecdb556c50c9e8de78 -> 
  custom:audio-decoder-ogg-vorbis: bf7c407c2cedff20999df2af8eb42d56 -> 
  custom:audio-encoder-webm-vorbis: bf7c407c2cedff20999df2af8eb42d56 -> 
========================================================================
Received Import Request.
  path: Assets/Assets/Brutal 2D Adventure Mega Pack
  artifactKey: Guid(d2f8aea8e088e4b4f929c32c5ec9ddfe) Importer(815301076,1909f56bfc062723c751e8b465ee728b)
Start importing Assets/Assets/Brutal 2D Adventure Mega Pack using Guid(d2f8aea8e088e4b4f929c32c5ec9ddfe) Importer(815301076,1909f56bfc062723c751e8b465ee728b)  -> (artifact id: 'f1ebef3daf9ccd5cd10370670ee93b64') in 0.005233 seconds 
  Import took 0.007385 seconds .

========================================================================
Received Import Request.
  Time since last request: 0.005484 seconds.
  path: Assets/Assets/Brutal 2D Adventure Mega Pack
  artifactKey: Guid(d2f8aea8e088e4b4f929c32c5ec9ddfe) Importer(815301076,1909f56bfc062723c751e8b465ee728b)
Start importing Assets/Assets/Brutal 2D Adventure Mega Pack using Guid(d2f8aea8e088e4b4f929c32c5ec9ddfe) Importer(815301076,1909f56bfc062723c751e8b465ee728b)  -> (artifact id: 'f1ebef3daf9ccd5cd10370670ee93b64') in 0.002389 seconds 
  Import took 0.004347 seconds .

========================================================================
Received Import Request.
  Time since last request: 1.139247 seconds.
  path: Assets/Assets/Brutal 2D Adventure Mega Pack/Brutal 2D Adventure Jungle Pack
  artifactKey: Guid(99ea884f037126c46bc9fd6338b3ba71) Importer(815301076,1909f56bfc062723c751e8b465ee728b)
Start importing Assets/Assets/Brutal 2D Adventure Mega Pack/Brutal 2D Adventure Jungle Pack using Guid(99ea884f037126c46bc9fd6338b3ba71) Importer(815301076,1909f56bfc062723c751e8b465ee728b)  -> (artifact id: '08ac7a46ecab4e81767990ac4907dc86') in 0.002967 seconds 
  Import took 0.004976 seconds .

========================================================================
Received Import Request.
  Time since last request: 3.357105 seconds.
  path: Assets/Assets
  artifactKey: Guid(85ae848f2ff28314fbf563a1c6acce68) Importer(815301076,1909f56bfc062723c751e8b465ee728b)
Start importing Assets/Assets using Guid(85ae848f2ff28314fbf563a1c6acce68) Importer(815301076,1909f56bfc062723c751e8b465ee728b)  -> (artifact id: '56dbc08ab01f13bc8612d5c826bbf79f') in 0.002841 seconds 
  Import took 0.004705 seconds .

========================================================================
Received Import Request.
  Time since last request: 0.000478 seconds.
  path: Assets/Assets
  artifactKey: Guid(85ae848f2ff28314fbf563a1c6acce68) Importer(815301076,1909f56bfc062723c751e8b465ee728b)
Start importing Assets/Assets using Guid(85ae848f2ff28314fbf563a1c6acce68) Importer(815301076,1909f56bfc062723c751e8b465ee728b)  -> (artifact id: '56dbc08ab01f13bc8612d5c826bbf79f') in 0.002172 seconds 
  Import took 0.004121 seconds .

========================================================================
Received Import Request.
  Time since last request: 4.688514 seconds.
  path: Assets/Assets/GrassRoadRace
  artifactKey: Guid(9f73869189e5e25429e800687e6be3db) Importer(815301076,1909f56bfc062723c751e8b465ee728b)
Start importing Assets/Assets/GrassRoadRace using Guid(9f73869189e5e25429e800687e6be3db) Importer(815301076,1909f56bfc062723c751e8b465ee728b)  -> (artifact id: '98d7cf29f44c217eb1892fa4a8acae46') in 0.003454 seconds 
  Import took 0.006227 seconds .

========================================================================
Received Import Request.
  Time since last request: 0.000737 seconds.
  path: Assets/Assets/GrassRoadRace
  artifactKey: Guid(9f73869189e5e25429e800687e6be3db) Importer(815301076,1909f56bfc062723c751e8b465ee728b)
Start importing Assets/Assets/GrassRoadRace using Guid(9f73869189e5e25429e800687e6be3db) Importer(815301076,1909f56bfc062723c751e8b465ee728b)  -> (artifact id: '98d7cf29f44c217eb1892fa4a8acae46') in 0.002928 seconds 
  Import took 0.005173 seconds .

========================================================================
Received Import Request.
  Time since last request: 0.107386 seconds.
  path: Assets/Assets/GrassRoadRace/Bridge_Large.FBX
  artifactKey: Guid(3a0e6d70e96768a43a00963d64e729cb) Importer(815301076,1909f56bfc062723c751e8b465ee728b)
Start importing Assets/Assets/GrassRoadRace/Bridge_Large.FBX using Guid(3a0e6d70e96768a43a00963d64e729cb) Importer(815301076,1909f56bfc062723c751e8b465ee728b)  -> (artifact id: 'e5b5f9bf31b7755dbaae298fc514dcc5') in 0.242361 seconds 
  Import took 0.244654 seconds .

========================================================================
Received Import Request.
  Time since last request: 0.000332 seconds.
  path: Assets/Assets/GrassRoadRace/GroundIsland.FBX
  artifactKey: Guid(a677dd29f5e3e5c47a30eb9dc6574030) Importer(815301076,1909f56bfc062723c751e8b465ee728b)
Start importing Assets/Assets/GrassRoadRace/GroundIsland.FBX using Guid(a677dd29f5e3e5c47a30eb9dc6574030) Importer(815301076,1909f56bfc062723c751e8b465ee728b)  -> (artifact id: '554c3da2c50e38ac55779ad1ee44c1e7') in 0.100839 seconds 
  Import took 0.102908 seconds .

========================================================================
Received Import Request.
  Time since last request: 0.000341 seconds.
  path: Assets/Assets/GrassRoadRace/Bridge_Small.FBX
  artifactKey: Guid(75d2f8822a94c3b43a2f2bab111c6ec0) Importer(815301076,1909f56bfc062723c751e8b465ee728b)
Start importing Assets/Assets/GrassRoadRace/Bridge_Small.FBX using Guid(75d2f8822a94c3b43a2f2bab111c6ec0) Importer(815301076,1909f56bfc062723c751e8b465ee728b)  -> (artifact id: 'cb8c2c641c614271db4eacf90abb77c0') in 0.020582 seconds 
  Import took 0.022990 seconds .

========================================================================
Received Import Request.
  Time since last request: 0.000336 seconds.
  path: Assets/Assets/GrassRoadRace/Ground02.FBX
  artifactKey: Guid(7cac1ba650135f14893a5028aaa086b9) Importer(815301076,1909f56bfc062723c751e8b465ee728b)
Start importing Assets/Assets/GrassRoadRace/Ground02.FBX using Guid(7cac1ba650135f14893a5028aaa086b9) Importer(815301076,1909f56bfc062723c751e8b465ee728b)  -> (artifact id: 'aff084321f7e396ca582669561cade03') in 0.021442 seconds 
  Import took 0.023512 seconds .

========================================================================
Received Import Request.
  Time since last request: 0.000294 seconds.
  path: Assets/Assets/GrassRoadRace/Hurdle01.FBX
  artifactKey: Guid(400ca6311d5459244a1af9dea192449c) Importer(815301076,1909f56bfc062723c751e8b465ee728b)
Start importing Assets/Assets/GrassRoadRace/Hurdle01.FBX using Guid(400ca6311d5459244a1af9dea192449c) Importer(815301076,1909f56bfc062723c751e8b465ee728b)  -> (artifact id: '054a803cf6544aab1a816afa180d1821') in 0.013587 seconds 
  Import took 0.015664 seconds .

========================================================================
Received Import Request.
  Time since last request: 0.000293 seconds.
  path: Assets/Assets/GrassRoadRace/Ground08.FBX
  artifactKey: Guid(5a28818c4e5738f4580c278a6406be60) Importer(815301076,1909f56bfc062723c751e8b465ee728b)
Start importing Assets/Assets/GrassRoadRace/Ground08.FBX using Guid(5a28818c4e5738f4580c278a6406be60) Importer(815301076,1909f56bfc062723c751e8b465ee728b)  -> (artifact id: '612b8df52b43bc412a1ede298ae6cd3f') in 0.029373 seconds 
  Import took 0.031726 seconds .

========================================================================
Received Import Request.
  Time since last request: 0.000328 seconds.
  path: Assets/Assets/GrassRoadRace/Grass.FBX
  artifactKey: Guid(3b038aa153bdcf548967d953f85b028d) Importer(815301076,1909f56bfc062723c751e8b465ee728b)
Start importing Assets/Assets/GrassRoadRace/Grass.FBX using Guid(3b038aa153bdcf548967d953f85b028d) Importer(815301076,1909f56bfc062723c751e8b465ee728b)  -> (artifact id: '5e2f31b563c27affb8b90e032f959e7e') in 0.012513 seconds 
  Import took 0.014550 seconds .

========================================================================
Received Import Request.
  Time since last request: 0.000338 seconds.
  path: Assets/Assets/GrassRoadRace/Ground06.FBX
  artifactKey: Guid(0b8405000675bcc4fb5e9670fc0bf25d) Importer(815301076,1909f56bfc062723c751e8b465ee728b)
Start importing Assets/Assets/GrassRoadRace/Ground06.FBX using Guid(0b8405000675bcc4fb5e9670fc0bf25d) Importer(815301076,1909f56bfc062723c751e8b465ee728b)  -> (artifact id: '20da9e61f114566806babf7b55c399d7') in 0.022864 seconds 
  Import took 0.025064 seconds .

========================================================================
Received Import Request.
  Time since last request: 0.000344 seconds.
  path: Assets/Assets/GrassRoadRace/Hurdle03.FBX
  artifactKey: Guid(ac3f35dfd68bd5f4a940da4eb3ffd43b) Importer(815301076,1909f56bfc062723c751e8b465ee728b)
Start importing Assets/Assets/GrassRoadRace/Hurdle03.FBX using Guid(ac3f35dfd68bd5f4a940da4eb3ffd43b) Importer(815301076,1909f56bfc062723c751e8b465ee728b)  -> (artifact id: '2ff3b0bdda01a80356d47d5296ad346b') in 0.012707 seconds 
  Import took 0.014768 seconds .

========================================================================
Received Import Request.
  Time since last request: 0.000316 seconds.
  path: Assets/Assets/GrassRoadRace/GroundBlock.FBX
  artifactKey: Guid(daa0d6c9362236f4fa00652c39c70cf9) Importer(815301076,1909f56bfc062723c751e8b465ee728b)
Start importing Assets/Assets/GrassRoadRace/GroundBlock.FBX using Guid(daa0d6c9362236f4fa00652c39c70cf9) Importer(815301076,1909f56bfc062723c751e8b465ee728b)  -> (artifact id: 'd17ede8ca1e1de322f89df912d63256c') in 0.013083 seconds 
  Import took 0.015623 seconds .

========================================================================
Received Import Request.
  Time since last request: 0.000338 seconds.
  path: Assets/Assets/GrassRoadRace/Ground01.FBX
  artifactKey: Guid(905e121def2d7f44fac07f3e9d083c00) Importer(815301076,1909f56bfc062723c751e8b465ee728b)
Start importing Assets/Assets/GrassRoadRace/Ground01.FBX using Guid(905e121def2d7f44fac07f3e9d083c00) Importer(815301076,1909f56bfc062723c751e8b465ee728b)  -> (artifact id: '319b645fcb31a5ac35826d74c50ef978') in 0.022448 seconds 
  Import took 0.024929 seconds .

========================================================================
Received Import Request.
  Time since last request: 0.000952 seconds.
  path: Assets/Assets/GrassRoadRace/Wave.FBX
  artifactKey: Guid(3279ffff6a1ad3d4c8fdb040401e0f30) Importer(815301076,1909f56bfc062723c751e8b465ee728b)
Start importing Assets/Assets/GrassRoadRace/Wave.FBX using Guid(3279ffff6a1ad3d4c8fdb040401e0f30) Importer(815301076,1909f56bfc062723c751e8b465ee728b)  -> (artifact id: '8dc30530a2b59d65e53cb618687a4187') in 0.013124 seconds 
  Import took 0.015363 seconds .

========================================================================
Received Import Request.
  Time since last request: 0.000338 seconds.
  path: Assets/Assets/GrassRoadRace/Ground03.FBX
  artifactKey: Guid(00feec2b5f6590f4aaf6ec2cccdec84e) Importer(815301076,1909f56bfc062723c751e8b465ee728b)
Start importing Assets/Assets/GrassRoadRace/Ground03.FBX using Guid(00feec2b5f6590f4aaf6ec2cccdec84e) Importer(815301076,1909f56bfc062723c751e8b465ee728b)  -> (artifact id: '28f196db53a992f9924f5bd8a4455cc0') in 0.021749 seconds 
  Import took 0.023802 seconds .

========================================================================
Received Import Request.
  Time since last request: 0.000327 seconds.
  path: Assets/Assets/GrassRoadRace/Ground05.FBX
  artifactKey: Guid(788478d93ec5f0042baf5da13e58054d) Importer(815301076,1909f56bfc062723c751e8b465ee728b)
Start importing Assets/Assets/GrassRoadRace/Ground05.FBX using Guid(788478d93ec5f0042baf5da13e58054d) Importer(815301076,1909f56bfc062723c751e8b465ee728b)  -> (artifact id: '81b2d6881eae867cb24c98bda77aa24a') in 0.026837 seconds 
  Import took 0.028849 seconds .

========================================================================
Received Import Request.
  Time since last request: 0.000339 seconds.
  path: Assets/Assets/GrassRoadRace/Ground07.FBX
  artifactKey: Guid(afe08c92887b2994a83a2bab682b5d64) Importer(815301076,1909f56bfc062723c751e8b465ee728b)
Start importing Assets/Assets/GrassRoadRace/Ground07.FBX using Guid(afe08c92887b2994a83a2bab682b5d64) Importer(815301076,1909f56bfc062723c751e8b465ee728b)  -> (artifact id: 'c845fd11b12e33df83425a9d30a50630') in 0.025555 seconds 
  Import took 0.027680 seconds .

========================================================================
Received Import Request.
  Time since last request: 0.000296 seconds.
  path: Assets/Assets/GrassRoadRace/Hurdle02.FBX
  artifactKey: Guid(59b81f3d4c0ea8a4a98445251826f03c) Importer(815301076,1909f56bfc062723c751e8b465ee728b)
Start importing Assets/Assets/GrassRoadRace/Hurdle02.FBX using Guid(59b81f3d4c0ea8a4a98445251826f03c) Importer(815301076,1909f56bfc062723c751e8b465ee728b)  -> (artifact id: 'c89933b594e73ca88d40589c7bc112d2') in 0.011774 seconds 
  Import took 0.013748 seconds .

========================================================================
Received Import Request.
  Time since last request: 0.000321 seconds.
  path: Assets/Assets/GrassRoadRace/Ground04.FBX
  artifactKey: Guid(49fd7d83a0655114abf7723fac67bb63) Importer(815301076,1909f56bfc062723c751e8b465ee728b)
Start importing Assets/Assets/GrassRoadRace/Ground04.FBX using Guid(49fd7d83a0655114abf7723fac67bb63) Importer(815301076,1909f56bfc062723c751e8b465ee728b)  -> (artifact id: '5d9b6b788ea0fc5acd24da0b81a7c52a') in 0.019382 seconds 
  Import took 0.021318 seconds .

========================================================================
Received Import Request.
  Time since last request: 0.000280 seconds.
  path: Assets/Assets/GrassRoadRace/PalmTree.FBX
  artifactKey: Guid(b90ff7e3d8926e44b8c08f957d58ecd0) Importer(815301076,1909f56bfc062723c751e8b465ee728b)
Start importing Assets/Assets/GrassRoadRace/PalmTree.FBX using Guid(b90ff7e3d8926e44b8c08f957d58ecd0) Importer(815301076,1909f56bfc062723c751e8b465ee728b)  -> (artifact id: '3f15fd40a6f12c06974e124ed8402944') in 0.011739 seconds 
  Import took 0.013914 seconds .

========================================================================
Received Import Request.
  Time since last request: 3.460352 seconds.
  path: Assets/Assets/GrassRoadRace/Prefab
  artifactKey: Guid(d879e7bfa8fb5204e8be5975618e5e8e) Importer(815301076,1909f56bfc062723c751e8b465ee728b)
Start importing Assets/Assets/GrassRoadRace/Prefab using Guid(d879e7bfa8fb5204e8be5975618e5e8e) Importer(815301076,1909f56bfc062723c751e8b465ee728b)  -> (artifact id: '76b3eec312fd1e4313544b6f7d5eb621') in 0.002924 seconds 
  Import took 0.004930 seconds .

========================================================================
Received Import Request.
  Time since last request: 0.077899 seconds.
  path: Assets/Assets/GrassRoadRace/Prefab/Bridge_Large.prefab
  artifactKey: Guid(e895839d2d09f2549b9c3d67f7f376a9) Importer(815301076,1909f56bfc062723c751e8b465ee728b)
Start importing Assets/Assets/GrassRoadRace/Prefab/Bridge_Large.prefab using Guid(e895839d2d09f2549b9c3d67f7f376a9) Importer(815301076,1909f56bfc062723c751e8b465ee728b)  -> (artifact id: '20afaf6ed39b7de71d3094a3b22d0fd3') in 0.011484 seconds 
  Import took 0.013767 seconds .

========================================================================
Received Import Request.
  Time since last request: 0.000308 seconds.
  path: Assets/Assets/GrassRoadRace/Prefab/Grass.prefab
  artifactKey: Guid(39923caca5db3ea44a250edeae07a05b) Importer(815301076,1909f56bfc062723c751e8b465ee728b)
Start importing Assets/Assets/GrassRoadRace/Prefab/Grass.prefab using Guid(39923caca5db3ea44a250edeae07a05b) Importer(815301076,1909f56bfc062723c751e8b465ee728b)  -> (artifact id: '8e5e0ae7671e995c0f1e3f6efea564a4') in 0.008159 seconds 
  Import took 0.010526 seconds .

========================================================================
Received Import Request.
  Time since last request: 0.000302 seconds.
  path: Assets/Assets/GrassRoadRace/Prefab/Wave.prefab
  artifactKey: Guid(58c25a420e6882147886b21744a277c7) Importer(815301076,1909f56bfc062723c751e8b465ee728b)
Start importing Assets/Assets/GrassRoadRace/Prefab/Wave.prefab using Guid(58c25a420e6882147886b21744a277c7) Importer(815301076,1909f56bfc062723c751e8b465ee728b)  -> (artifact id: '8ad21bd05b6622975b86b404d2d1e6cf') in 0.010273 seconds 
  Import took 0.012286 seconds .

========================================================================
Received Import Request.
  Time since last request: 0.000367 seconds.
  path: Assets/Assets/GrassRoadRace/Prefab/Ground07.prefab
  artifactKey: Guid(81f29a47ae6c1c441b7f405e8725347c) Importer(815301076,1909f56bfc062723c751e8b465ee728b)
Start importing Assets/Assets/GrassRoadRace/Prefab/Ground07.prefab using Guid(81f29a47ae6c1c441b7f405e8725347c) Importer(815301076,1909f56bfc062723c751e8b465ee728b)  -> (artifact id: '4359a99075db990c0f2e66647f54ec7d') in 0.009349 seconds 
  Import took 0.011937 seconds .

========================================================================
Received Import Request.
  Time since last request: 0.000305 seconds.
  path: Assets/Assets/GrassRoadRace/Prefab/GroundIsland.prefab
  artifactKey: Guid(5e817fb9f066550439c850b48a6d2cc2) Importer(815301076,1909f56bfc062723c751e8b465ee728b)
Start importing Assets/Assets/GrassRoadRace/Prefab/GroundIsland.prefab using Guid(5e817fb9f066550439c850b48a6d2cc2) Importer(815301076,1909f56bfc062723c751e8b465ee728b)  -> (artifact id: '27f382e4ffb261efe3bce60e805dd2a3') in 0.009218 seconds 
  Import took 0.011356 seconds .

========================================================================
Received Import Request.
  Time since last request: 0.000324 seconds.
  path: Assets/Assets/GrassRoadRace/Prefab/Hurdle03.prefab
  artifactKey: Guid(2ac7f74c7d519ad44a819e9e78834688) Importer(815301076,1909f56bfc062723c751e8b465ee728b)
Start importing Assets/Assets/GrassRoadRace/Prefab/Hurdle03.prefab using Guid(2ac7f74c7d519ad44a819e9e78834688) Importer(815301076,1909f56bfc062723c751e8b465ee728b)  -> (artifact id: '3caa52356f635df47dc28e39ea39e837') in 0.008391 seconds 
  Import took 0.010447 seconds .

========================================================================
Received Import Request.
  Time since last request: 0.000302 seconds.
  path: Assets/Assets/GrassRoadRace/Prefab/Ground08.prefab
  artifactKey: Guid(c7018b38d092a6145b2d84bbbfdc63f0) Importer(815301076,1909f56bfc062723c751e8b465ee728b)
Start importing Assets/Assets/GrassRoadRace/Prefab/Ground08.prefab using Guid(c7018b38d092a6145b2d84bbbfdc63f0) Importer(815301076,1909f56bfc062723c751e8b465ee728b)  -> (artifact id: '8bae9ff12504373aa707fc7c612bd7a1') in 0.009498 seconds 
  Import took 0.011498 seconds .

========================================================================
Received Import Request.
  Time since last request: 0.000288 seconds.
  path: Assets/Assets/GrassRoadRace/Prefab/Ground02.prefab
  artifactKey: Guid(98850bf372f52ed429394ad097c72171) Importer(815301076,1909f56bfc062723c751e8b465ee728b)
Start importing Assets/Assets/GrassRoadRace/Prefab/Ground02.prefab using Guid(98850bf372f52ed429394ad097c72171) Importer(815301076,1909f56bfc062723c751e8b465ee728b)  -> (artifact id: '360a5398fc2497f31886c930eeb9c28d') in 0.009047 seconds 
  Import took 0.011022 seconds .

========================================================================
Received Import Request.
  Time since last request: 0.000290 seconds.
  path: Assets/Assets/GrassRoadRace/Prefab/Ground01.prefab
  artifactKey: Guid(1731ae0548ad2ba458c572ab6df7b58c) Importer(815301076,1909f56bfc062723c751e8b465ee728b)
Start importing Assets/Assets/GrassRoadRace/Prefab/Ground01.prefab using Guid(1731ae0548ad2ba458c572ab6df7b58c) Importer(815301076,1909f56bfc062723c751e8b465ee728b)  -> (artifact id: 'cd1e0cc62408096601aed991451dabe8') in 0.009453 seconds 
  Import took 0.011568 seconds .

========================================================================
Received Import Request.
  Time since last request: 0.000289 seconds.
  path: Assets/Assets/GrassRoadRace/Prefab/GroundBlock.prefab
  artifactKey: Guid(dd7af5ae5c2bd564582f22acd0e943bc) Importer(815301076,1909f56bfc062723c751e8b465ee728b)
Start importing Assets/Assets/GrassRoadRace/Prefab/GroundBlock.prefab using Guid(dd7af5ae5c2bd564582f22acd0e943bc) Importer(815301076,1909f56bfc062723c751e8b465ee728b)  -> (artifact id: '7481f9a9e66e7cb659a3f06f3f35d593') in 0.008641 seconds 
  Import took 0.010665 seconds .

========================================================================
Received Import Request.
  Time since last request: 0.000292 seconds.
  path: Assets/Assets/GrassRoadRace/Prefab/Hurdle01.prefab
  artifactKey: Guid(532ee50e20554ae4d8287b34e4c6bcb6) Importer(815301076,1909f56bfc062723c751e8b465ee728b)
Start importing Assets/Assets/GrassRoadRace/Prefab/Hurdle01.prefab using Guid(532ee50e20554ae4d8287b34e4c6bcb6) Importer(815301076,1909f56bfc062723c751e8b465ee728b)  -> (artifact id: 'b7a86b84b0aab080df0858e857086d72') in 0.008483 seconds 
  Import took 0.010407 seconds .

========================================================================
Received Import Request.
  Time since last request: 0.000250 seconds.
  path: Assets/Assets/GrassRoadRace/Prefab/Hurdle02.prefab
  artifactKey: Guid(51ded5b93fd32a44a80d6b79ae6b9c0b) Importer(815301076,1909f56bfc062723c751e8b465ee728b)
Start importing Assets/Assets/GrassRoadRace/Prefab/Hurdle02.prefab using Guid(51ded5b93fd32a44a80d6b79ae6b9c0b) Importer(815301076,1909f56bfc062723c751e8b465ee728b)  -> (artifact id: '91f5fc05f00242685d7b72db39111b5d') in 0.008658 seconds 
  Import took 0.010736 seconds .

========================================================================
Received Import Request.
  Time since last request: 0.000292 seconds.
  path: Assets/Assets/GrassRoadRace/Prefab/Ground03.prefab
  artifactKey: Guid(2ce83dba6e991a8469c95f70e0aba68e) Importer(815301076,1909f56bfc062723c751e8b465ee728b)
Start importing Assets/Assets/GrassRoadRace/Prefab/Ground03.prefab using Guid(2ce83dba6e991a8469c95f70e0aba68e) Importer(815301076,1909f56bfc062723c751e8b465ee728b)  -> (artifact id: '4484148fead9b75c7ab890219bb742f2') in 0.009730 seconds 
  Import took 0.011809 seconds .

========================================================================
Received Import Request.
  Time since last request: 0.000237 seconds.
  path: Assets/Assets/GrassRoadRace/Prefab/Ground04.prefab
  artifactKey: Guid(a7817dc9ad2423344b2e740174f38c36) Importer(815301076,1909f56bfc062723c751e8b465ee728b)
Start importing Assets/Assets/GrassRoadRace/Prefab/Ground04.prefab using Guid(a7817dc9ad2423344b2e740174f38c36) Importer(815301076,1909f56bfc062723c751e8b465ee728b)  -> (artifact id: 'd20db201213490a98aee8bd2cffcde8d') in 0.009721 seconds 
  Import took 0.011867 seconds .

========================================================================
Received Import Request.
  Time since last request: 0.000297 seconds.
  path: Assets/Assets/GrassRoadRace/Prefab/Ground05.prefab
  artifactKey: Guid(33dd86afce8a9e845aded35de3a1fdf9) Importer(815301076,1909f56bfc062723c751e8b465ee728b)
Start importing Assets/Assets/GrassRoadRace/Prefab/Ground05.prefab using Guid(33dd86afce8a9e845aded35de3a1fdf9) Importer(815301076,1909f56bfc062723c751e8b465ee728b)  -> (artifact id: '187af2e5e82a07b9af1071913a5e6e67') in 0.009474 seconds 
  Import took 0.011710 seconds .

========================================================================
Received Import Request.
  Time since last request: 0.000366 seconds.
  path: Assets/Assets/GrassRoadRace/Prefab/Ground06.prefab
  artifactKey: Guid(43f370ae72692d649b59fd00dc4a828d) Importer(815301076,1909f56bfc062723c751e8b465ee728b)
Start importing Assets/Assets/GrassRoadRace/Prefab/Ground06.prefab using Guid(43f370ae72692d649b59fd00dc4a828d) Importer(815301076,1909f56bfc062723c751e8b465ee728b)  -> (artifact id: '1234d41e2d277a7cc6a00532faa258d0') in 0.008956 seconds 
  Import took 0.011247 seconds .

========================================================================
Received Import Request.
  Time since last request: 0.000313 seconds.
  path: Assets/Assets/GrassRoadRace/Prefab/PalmTree.prefab
  artifactKey: Guid(3517325933a4f02419b118e4ac715d2e) Importer(815301076,1909f56bfc062723c751e8b465ee728b)
Start importing Assets/Assets/GrassRoadRace/Prefab/PalmTree.prefab using Guid(3517325933a4f02419b118e4ac715d2e) Importer(815301076,1909f56bfc062723c751e8b465ee728b)  -> (artifact id: 'deffea63040aa27dfa4b69e34df377d5') in 0.008257 seconds 
  Import took 0.010231 seconds .

========================================================================
Received Import Request.
  Time since last request: 0.000308 seconds.
  path: Assets/Assets/GrassRoadRace/Prefab/Bridge_Small.prefab
  artifactKey: Guid(be586f7a2d5b1934abf61a0f6b060ac7) Importer(815301076,1909f56bfc062723c751e8b465ee728b)
Start importing Assets/Assets/GrassRoadRace/Prefab/Bridge_Small.prefab using Guid(be586f7a2d5b1934abf61a0f6b060ac7) Importer(815301076,1909f56bfc062723c751e8b465ee728b)  -> (artifact id: '36e43f02187871046ca3c112112cc2f0') in 0.008475 seconds 
  Import took 0.010752 seconds .

========================================================================
Received Import Request.
  Time since last request: 4.592417 seconds.
  path: Assets/Assets/GrassRoadRace/Materials
  artifactKey: Guid(da3979425d32ae343b323e94b2871cb6) Importer(815301076,1909f56bfc062723c751e8b465ee728b)
Start importing Assets/Assets/GrassRoadRace/Materials using Guid(da3979425d32ae343b323e94b2871cb6) Importer(815301076,1909f56bfc062723c751e8b465ee728b)  -> (artifact id: 'ed0093de91343a2a04cf897e0ffd31fa') in 0.002915 seconds 
  Import took 0.004905 seconds .

========================================================================
Received Import Request.
  Time since last request: 0.079436 seconds.
  path: Assets/Assets/GrassRoadRace/Materials/Mat_Sky.mat
  artifactKey: Guid(e54f0bee216166c41a77ba61a0a8543b) Importer(815301076,1909f56bfc062723c751e8b465ee728b)
Start importing Assets/Assets/GrassRoadRace/Materials/Mat_Sky.mat using Guid(e54f0bee216166c41a77ba61a0a8543b) Importer(815301076,1909f56bfc062723c751e8b465ee728b)  -> (artifact id: 'd7358bbe790a58efe9cf245e66eb3560') in 0.182035 seconds 
  Import took 0.184589 seconds .

========================================================================
Received Import Request.
  Time since last request: 0.000293 seconds.
  path: Assets/Assets/GrassRoadRace/Materials/sky_LF.png
  artifactKey: Guid(ef4fa9826cde2c34ca030d40a66d8104) Importer(815301076,1909f56bfc062723c751e8b465ee728b)
Start importing Assets/Assets/GrassRoadRace/Materials/sky_LF.png using Guid(ef4fa9826cde2c34ca030d40a66d8104) Importer(815301076,1909f56bfc062723c751e8b465ee728b)  -> (artifact id: '1d88ff21169479734def256bd8acc663') in 0.026132 seconds 
  Import took 0.028114 seconds .

========================================================================
Received Import Request.
  Time since last request: 0.000256 seconds.
  path: Assets/Assets/GrassRoadRace/Materials/sky_DN.png
  artifactKey: Guid(f777aa2da6b720040bb24e3a15b3029b) Importer(815301076,1909f56bfc062723c751e8b465ee728b)
Start importing Assets/Assets/GrassRoadRace/Materials/sky_DN.png using Guid(f777aa2da6b720040bb24e3a15b3029b) Importer(815301076,1909f56bfc062723c751e8b465ee728b)  -> (artifact id: '96dc28d84a81bd78aff7b473e5f32744') in 0.007709 seconds 
  Import took 0.009770 seconds .

========================================================================
Received Import Request.
  Time since last request: 0.000283 seconds.
  path: Assets/Assets/GrassRoadRace/Materials/Tex_Wave.mat
  artifactKey: Guid(0155845b3eab4a447a1575e4aee0b804) Importer(815301076,1909f56bfc062723c751e8b465ee728b)
Start importing Assets/Assets/GrassRoadRace/Materials/Tex_Wave.mat using Guid(0155845b3eab4a447a1575e4aee0b804) Importer(815301076,1909f56bfc062723c751e8b465ee728b)  -> (artifact id: 'cb75b381b722f3c3e57c67bce14a1eba') in 0.009006 seconds 
  Import took 0.011378 seconds .

========================================================================
Received Import Request.
  Time since last request: 0.000253 seconds.
  path: Assets/Assets/GrassRoadRace/Materials/Tex_Fence.png
  artifactKey: Guid(48475e626817a854dbf70a6d07e7279d) Importer(815301076,1909f56bfc062723c751e8b465ee728b)
Start importing Assets/Assets/GrassRoadRace/Materials/Tex_Fence.png using Guid(48475e626817a854dbf70a6d07e7279d) Importer(815301076,1909f56bfc062723c751e8b465ee728b)  -> (artifact id: 'a6655c7a726a9ab9358945939b12f1cb') in 0.008166 seconds 
  Import took 0.010372 seconds .

========================================================================
Received Import Request.
  Time since last request: 0.000290 seconds.
  path: Assets/Assets/GrassRoadRace/Materials/Tex_PalmTree.mat
  artifactKey: Guid(23ba0ba3cbb405f4ebabf83910daf43f) Importer(815301076,1909f56bfc062723c751e8b465ee728b)
Start importing Assets/Assets/GrassRoadRace/Materials/Tex_PalmTree.mat using Guid(23ba0ba3cbb405f4ebabf83910daf43f) Importer(815301076,1909f56bfc062723c751e8b465ee728b)  -> (artifact id: 'd299cc36264f67ab7f12add1ba7df8d9') in 0.008639 seconds 
  Import took 0.010973 seconds .

========================================================================
Received Import Request.
  Time since last request: 0.000275 seconds.
  path: Assets/Assets/GrassRoadRace/Materials/sky_UP.png
  artifactKey: Guid(bbabc406a1f5eb141b66d594a4986fe0) Importer(815301076,1909f56bfc062723c751e8b465ee728b)
Start importing Assets/Assets/GrassRoadRace/Materials/sky_UP.png using Guid(bbabc406a1f5eb141b66d594a4986fe0) Importer(815301076,1909f56bfc062723c751e8b465ee728b)  -> (artifact id: '6df3e62ab878de82d0f04d75660f3e46') in 0.007361 seconds 
  Import took 0.009571 seconds .

========================================================================
Received Import Request.
  Time since last request: 0.000274 seconds.
  path: Assets/Assets/GrassRoadRace/Materials/Tex_Wave.png
  artifactKey: Guid(ba61c1c78e90249498accf7e20fff53e) Importer(815301076,1909f56bfc062723c751e8b465ee728b)
Start importing Assets/Assets/GrassRoadRace/Materials/Tex_Wave.png using Guid(ba61c1c78e90249498accf7e20fff53e) Importer(815301076,1909f56bfc062723c751e8b465ee728b)  -> (artifact id: 'cf8f6e4a3c75cae8884c8fdf3d6584ed') in 0.007300 seconds 
  Import took 0.009565 seconds .

========================================================================
Received Import Request.
  Time since last request: 0.000272 seconds.
  path: Assets/Assets/GrassRoadRace/Materials/Tex_Ground.mat
  artifactKey: Guid(1545e9a75157a5047a5f264cb0d4694d) Importer(815301076,1909f56bfc062723c751e8b465ee728b)
Start importing Assets/Assets/GrassRoadRace/Materials/Tex_Ground.mat using Guid(1545e9a75157a5047a5f264cb0d4694d) Importer(815301076,1909f56bfc062723c751e8b465ee728b)  -> (artifact id: 'a9a994819ed81177947554b5bedeee61') in 0.008948 seconds 
  Import took 0.010914 seconds .

========================================================================
Received Import Request.
  Time since last request: 0.000247 seconds.
  path: Assets/Assets/GrassRoadRace/Materials/Tex_PalmTree.png
  artifactKey: Guid(6cfd2dd98e79605409ddad902f78b4ec) Importer(815301076,1909f56bfc062723c751e8b465ee728b)
Start importing Assets/Assets/GrassRoadRace/Materials/Tex_PalmTree.png using Guid(6cfd2dd98e79605409ddad902f78b4ec) Importer(815301076,1909f56bfc062723c751e8b465ee728b)  -> (artifact id: '85dae63711dc94dbe614f03bd8f29c7c') in 0.006712 seconds 
  Import took 0.008598 seconds .

========================================================================
Received Import Request.
  Time since last request: 0.000253 seconds.
  path: Assets/Assets/GrassRoadRace/Materials/sky_BK.png
  artifactKey: Guid(dd88f70e5c061c740ae729f955748149) Importer(815301076,1909f56bfc062723c751e8b465ee728b)
Start importing Assets/Assets/GrassRoadRace/Materials/sky_BK.png using Guid(dd88f70e5c061c740ae729f955748149) Importer(815301076,1909f56bfc062723c751e8b465ee728b)  -> (artifact id: 'b76f2df986fff5e7a34fc6ac6352ffd4') in 0.007260 seconds 
  Import took 0.009173 seconds .

========================================================================
Received Import Request.
  Time since last request: 0.000275 seconds.
  path: Assets/Assets/GrassRoadRace/Materials/sky_FR.png
  artifactKey: Guid(ec4653ce6fb84bf4fbd449488e86592b) Importer(815301076,1909f56bfc062723c751e8b465ee728b)
Start importing Assets/Assets/GrassRoadRace/Materials/sky_FR.png using Guid(ec4653ce6fb84bf4fbd449488e86592b) Importer(815301076,1909f56bfc062723c751e8b465ee728b)  -> (artifact id: 'abe47b2c18df29dbee4eedfb0dbee2d3') in 0.007568 seconds 
  Import took 0.009474 seconds .

========================================================================
Received Import Request.
  Time since last request: 0.000269 seconds.
  path: Assets/Assets/GrassRoadRace/Materials/sky_BK.png
  artifactKey: Guid(dd88f70e5c061c740ae729f955748149) Importer(815301076,1909f56bfc062723c751e8b465ee728b)
Start importing Assets/Assets/GrassRoadRace/Materials/sky_BK.png using Guid(dd88f70e5c061c740ae729f955748149) Importer(815301076,1909f56bfc062723c751e8b465ee728b)  -> (artifact id: 'b76f2df986fff5e7a34fc6ac6352ffd4') in 0.006465 seconds 
  Import took 0.008376 seconds .

========================================================================
Received Import Request.
  Time since last request: 0.000275 seconds.
  path: Assets/Assets/GrassRoadRace/Materials/sky_FR.png
  artifactKey: Guid(ec4653ce6fb84bf4fbd449488e86592b) Importer(815301076,1909f56bfc062723c751e8b465ee728b)
Start importing Assets/Assets/GrassRoadRace/Materials/sky_FR.png using Guid(ec4653ce6fb84bf4fbd449488e86592b) Importer(815301076,1909f56bfc062723c751e8b465ee728b)  -> (artifact id: 'abe47b2c18df29dbee4eedfb0dbee2d3') in 0.006378 seconds 
  Import took 0.008273 seconds .

========================================================================
Received Import Request.
  Time since last request: 0.000246 seconds.
  path: Assets/Assets/GrassRoadRace/Materials/sky_RT.png
  artifactKey: Guid(0b2016cb92aa48d48b93626334763a85) Importer(815301076,1909f56bfc062723c751e8b465ee728b)
Start importing Assets/Assets/GrassRoadRace/Materials/sky_RT.png using Guid(0b2016cb92aa48d48b93626334763a85) Importer(815301076,1909f56bfc062723c751e8b465ee728b)  -> (artifact id: '76fe4a80b7fe514a05a3718e01231235') in 0.007465 seconds 
  Import took 0.009630 seconds .

========================================================================
Received Import Request.
  Time since last request: 0.000272 seconds.
  path: Assets/Assets/GrassRoadRace/Materials/Tex_Ground.png
  artifactKey: Guid(24bd78a45adbb5d44b1cb84c4cde03a1) Importer(815301076,1909f56bfc062723c751e8b465ee728b)
Start importing Assets/Assets/GrassRoadRace/Materials/Tex_Ground.png using Guid(24bd78a45adbb5d44b1cb84c4cde03a1) Importer(815301076,1909f56bfc062723c751e8b465ee728b)  -> (artifact id: '23dbdc57b74ac5798fbaa1fe87373d03') in 0.006858 seconds 
  Import took 0.008650 seconds .

========================================================================
Received Import Request.
  Time since last request: 0.000285 seconds.
  path: Assets/Assets/GrassRoadRace/Materials/Tex_Fence.mat
  artifactKey: Guid(08029e47c457d4b41b4c4caf4a9d9aaf) Importer(815301076,1909f56bfc062723c751e8b465ee728b)
Start importing Assets/Assets/GrassRoadRace/Materials/Tex_Fence.mat using Guid(08029e47c457d4b41b4c4caf4a9d9aaf) Importer(815301076,1909f56bfc062723c751e8b465ee728b)  -> (artifact id: '0a864774bff7a6187cfd81618eb8ace4') in 0.007910 seconds 
  Import took 0.009782 seconds .

========================================================================
Received Import Request.
  Time since last request: 4.764178 seconds.
  path: Assets/Assets/GrassRoadRace/Script
  artifactKey: Guid(01a5e105592e6254e8a45c24c54633cf) Importer(815301076,1909f56bfc062723c751e8b465ee728b)
Start importing Assets/Assets/GrassRoadRace/Script using Guid(01a5e105592e6254e8a45c24c54633cf) Importer(815301076,1909f56bfc062723c751e8b465ee728b)  -> (artifact id: '9f6ab90c5e47451182836a43f1923a1f') in 0.002898 seconds 
  Import took 0.004892 seconds .

========================================================================
Received Import Request.
  Time since last request: 3.164812 seconds.
  path: Assets/Assets/GrassRoadRace/Scene_GrassRoadRace.unity
  artifactKey: Guid(e323a50016ef3484f9e0d4d42c6bbc2b) Importer(815301076,1909f56bfc062723c751e8b465ee728b)
Start importing Assets/Assets/GrassRoadRace/Scene_GrassRoadRace.unity using Guid(e323a50016ef3484f9e0d4d42c6bbc2b) Importer(815301076,1909f56bfc062723c751e8b465ee728b)  -> (artifact id: '388c818af1656a43bac1c8a73dd9fc66') in 0.003312 seconds 
  Import took 0.005498 seconds .

========================================================================
Received Prepare
Registering precompiled user dll's ...
Registered in 0.002382 seconds.
Begin MonoManager ReloadAssembly
Native extension for WindowsStandalone target not found
Native extension for OSXStandalone target not found
Refreshing native plugins compatible for Editor in 0.33 ms, found 2 plugins.
Preloading 0 native plugins for Editor in 0.00 ms.
Mono: successfully reloaded assembly
- Completed reload, in  0.775 seconds
Domain Reload Profiling:
	ReloadAssembly (775ms)
		BeginReloadAssembly (102ms)
			ExecutionOrderSort (0ms)
			DisableScriptedObjects (3ms)
			BackupInstance (0ms)
			ReleaseScriptingObjects (0ms)
			CreateAndSetChildDomain (28ms)
		EndReloadAssembly (614ms)
			LoadAssemblies (72ms)
			RebuildTransferFunctionScriptingTraits (0ms)
			SetupTypeCache (211ms)
			ReleaseScriptCaches (1ms)
			RebuildScriptCaches (33ms)
			SetupLoadedEditorAssemblies (218ms)
				LogAssemblyErrors (0ms)
				InitializePlatformSupportModulesInManaged (5ms)
				SetLoadedEditorAssemblies (0ms)
				RefreshPlugins (0ms)
				BeforeProcessingInitializeOnLoad (61ms)
				ProcessInitializeOnLoadAttributes (142ms)
				ProcessInitializeOnLoadMethodAttributes (3ms)
				AfterProcessingInitializeOnLoad (7ms)
				EditorAssembliesLoaded (0ms)
			ExecutionOrderSort2 (0ms)
			AwakeInstancesAfterBackupRestoration (6ms)
Platform modules already initialized, skipping
Refreshing native plugins compatible for Editor in 0.33 ms, found 2 plugins.
Preloading 0 native plugins for Editor in 0.00 ms.
Unloading 1392 Unused Serialized files (Serialized files now loaded: 0)
System memory in use before: 69.2 MB.
System memory in use after: 69.3 MB.

Unloading 11 unused Assets to reduce memory usage. Loaded Objects now: 1883.
Total: 2.623100 ms (FindLiveObjects: 0.153200 ms CreateObjectMapping: 0.042100 ms MarkObjects: 2.414800 ms  DeleteObjects: 0.012200 ms)

AssetImportParameters requested are different than current active one (requested -> active):
  custom:framework-win-MediaFoundation: 216162199b28c13a410421893ffa2e32 -> 
  custom:video-decoder-ogg-theora: a1e56fd34408186e4bbccfd4996cb3dc -> 
  custom:container-muxer-webm: aa71ff27fc2769a1b78a27578f13a17b -> 
  custom:container-demuxer-webm: 4f35f7cbe854078d1ac9338744f61a02 -> 
  custom:container-demuxer-ogg: 62fdf1f143b41e24485cea50d1cbac27 -> 
  custom:video-encoder-webm-vp8: eb34c28f22e8b96e1ab97ce403110664 -> 
  custom:video-codec-MediaFoundation-h265: e54d7ab0439102e2317fc1e4b246158d -> 
  custom:video-decoder-webm-vp8: 9c59270c3fd7afecdb556c50c9e8de78 -> 
  custom:audio-decoder-ogg-vorbis: bf7c407c2cedff20999df2af8eb42d56 -> 
  custom:audio-encoder-webm-vorbis: bf7c407c2cedff20999df2af8eb42d56 -> 
